<?xml version="1.0" encoding="utf-8"?><testsuites name="pytest tests"><testsuite name="pytest" errors="0" failures="0" skipped="2" tests="5" time="0.353" timestamp="2025-08-17T10:38:16.357998+00:00" hostname="pkrvmubgrv54qmi"><testcase classname="" name="tests.test_haili_strategy" time="0.000"><skipped message="collection skipped">('/home/runner/work/Haili-stock-style/Haili-stock-style/tests/test_haili_strategy.py', 9, "Skipped: Skipping haili_strategy tests due to missing dependencies: No module named 'akshare'")</skipped></testcase><testcase classname="tests.test_smoke" name="test_ci_runs" time="0.001" /><testcase classname="tests.test_smoke" name="test_optional_imports[pandas]" time="0.000" /><testcase classname="tests.test_smoke" name="test_optional_imports[matplotlib]" time="0.067" /><testcase classname="tests.test_smoke" name="test_optional_imports[akshare]" time="0.001"><skipped type="pytest.skip" message="Optional import 'akshare' unavailable in CI: No module named 'akshare'">/home/runner/work/Haili-stock-style/Haili-stock-style/tests/test_smoke.py:18: Optional import 'akshare' unavailable in CI: No module named 'akshare'</skipped></testcase></testsuite></testsuites>